<?xml version="1.0" encoding="utf-8"?><testsuites name="pytest tests"><testsuite name="pytest" errors="0" failures="0" skipped="0" tests="11" time="4.741" timestamp="2026-02-24T14:04:24.992216+00:00" hostname="agent-env-38bcdf29-b0c2-4264-9e50-6695ab7af735"><testcase classname="backend.tests.test_stripe_payments.TestWithdrawalCreation" name="test_create_withdrawal_charge_to_account" time="0.782" /><testcase classname="backend.tests.test_stripe_payments.TestWithdrawalCreation" name="test_withdrawal_persisted" time="0.164" /><testcase classname="backend.tests.test_stripe_payments.TestStripePaymentEndpoints" name="test_create_checkout_session_requires_valid_withdrawal" time="0.116" /><testcase classname="backend.tests.test_stripe_payments.TestStripePaymentEndpoints" name="test_create_checkout_session_for_valid_withdrawal" time="0.967" /><testcase classname="backend.tests.test_stripe_payments.TestStripePaymentEndpoints" name="test_payment_status_endpoint" time="0.928" /><testcase classname="backend.tests.test_stripe_payments.TestStripePaymentEndpoints" name="test_cannot_pay_already_paid_withdrawal" time="0.737" /><testcase classname="backend.tests.test_stripe_payments.TestPaymentMethodToggle" name="test_charge_to_account_flow" time="0.232" /><testcase classname="backend.tests.test_stripe_payments.TestAdminPaymentFeatures" name="test_admin_can_mark_withdrawal_paid" time="0.303" /><testcase classname="backend.tests.test_stripe_payments.TestAdminPaymentFeatures" name="test_financial_summary_includes_payments" time="0.137" /><testcase classname="backend.tests.test_stripe_payments.TestAuthorizationChecks" name="test_payment_requires_auth" time="0.123" /><testcase classname="backend.tests.test_stripe_payments.TestAuthorizationChecks" name="test_status_requires_auth" time="0.128" /></testsuite></testsuites>